npm verbose cli D:\nodejs\node.exe D:\nodejs\node_modules\npm\bin\npm-cli.js
npm info using npm@10.9.0
npm info using node@v22.11.0
npm verbose title npm install
npm verbose argv "install" "--legacy-peer-deps" "--loglevel" "verbose"
npm verbose logfile logs-max:10 dir:C:\Users\shrey\AppData\Local\npm-cache\_logs\2025-02-01T05_36_49_056Z-
npm verbose logfile C:\Users\shrey\AppData\Local\npm-cache\_logs\2025-02-01T05_36_49_056Z-debug-0.log
npm http fetch GET 200 https://registry.npmjs.org/browserstack-cypress-cli 1293ms (cache updated)
npm http fetch GET 200 https://registry.npmjs.org/cypress 1601ms (cache updated)
npm http fetch GET 200 https://registry.npmjs.org/axios 202ms (cache updated)
npm http fetch GET 200 https://registry.npmjs.org/archiver 1027ms (cache updated)
npm http fetch GET 200 https://registry.npmjs.org/fs-extra 1032ms (cache updated)
npm http fetch GET 200 https://registry.npmjs.org/form-data 1067ms (cache updated)
npm http fetch GET 200 https://registry.npmjs.org/chalk 1338ms (cache updated)
npm http fetch GET 200 https://registry.npmjs.org/cli-progress 1344ms (cache updated)
npm http fetch GET 200 https://registry.npmjs.org/async 1361ms (cache updated)
npm http fetch GET 200 https://registry.npmjs.org/axios-retry 1370ms (cache updated)
npm http fetch GET 200 https://registry.npmjs.org/gitconfiglocal 577ms (cache updated)
npm http fetch GET 200 https://registry.npmjs.org/browserstack-local 1691ms (cache updated)
npm http fetch GET 200 https://registry.npmjs.org/git-last-commit 1971ms (cache updated)
npm http fetch GET 200 https://registry.npmjs.org/update-notifier 1149ms (cache updated)
npm http fetch GET 200 https://registry.npmjs.org/git-repo-info 2452ms (cache updated)
npm http fetch GET 200 https://registry.npmjs.org/glob 1677ms (cache updated)
npm http fetch GET 200 https://registry.npmjs.org/decompress 1038ms (cache updated)
npm http fetch GET 200 https://registry.npmjs.org/tmp 453ms (cache updated)
npm http fetch GET 200 https://registry.npmjs.org/yargs 1666ms (cache updated)
npm http fetch GET 200 https://registry.npmjs.org/chalk 8ms (cache hit)
npm http fetch GET 200 https://registry.npmjs.org/unzipper 1489ms (cache updated)
npm http fetch GET 200 https://registry.npmjs.org/uuid 2782ms (cache updated)
npm http fetch GET 200 https://registry.npmjs.org/arch 355ms (cache updated)
npm http fetch GET 200 https://registry.npmjs.org/node-ipc 3177ms (cache updated)
npm http fetch GET 200 https://registry.npmjs.org/dayjs 766ms (cache updated)
npm http fetch GET 200 https://registry.npmjs.org/windows-release 3351ms (cache updated)
npm http fetch GET 200 https://registry.npmjs.org/execa 738ms (cache updated)
npm http fetch GET 200 https://registry.npmjs.org/debug 949ms (cache updated)
npm http fetch GET 200 https://registry.npmjs.org/yauzl 637ms (cache updated)
npm http fetch GET 200 https://registry.npmjs.org/winston 3408ms (cache updated)
npm http fetch GET 200 https://registry.npmjs.org/buffer 465ms (cache updated)
npm http fetch GET 200 https://registry.npmjs.org/lodash 491ms (cache updated)
npm http fetch GET 200 https://registry.npmjs.org/getos 1241ms (cache updated)
npm http fetch GET 200 https://registry.npmjs.org/listr2 720ms (cache updated)
npm http fetch GET 200 https://registry.npmjs.org/ci-info 395ms (cache updated)
npm http fetch GET 200 https://registry.npmjs.org/figures 330ms (cache updated)
npm http fetch GET 200 https://registry.npmjs.org/mkdirp 4443ms (cache updated)
npm http fetch GET 200 https://registry.npmjs.org/semver 623ms (cache updated)
npm http fetch GET 200 https://registry.npmjs.org/fs-extra 23ms (cache hit)
npm http fetch GET 200 https://registry.npmjs.org/process 195ms (cache updated)
npm http fetch GET 200 https://registry.npmjs.org/mocha 4936ms (cache updated)
npm http fetch GET 200 https://registry.npmjs.org/cachedir 326ms (cache updated)
npm http fetch GET 200 https://registry.npmjs.org/minimist 309ms (cache updated)
npm http fetch GET 200 https://registry.npmjs.org/enquirer 349ms (cache updated)
npm http fetch GET 200 https://registry.npmjs.org/lazy-ass 348ms (cache updated)
npm http fetch GET 200 https://registry.npmjs.org/bluebird 381ms (cache updated)
npm http fetch GET 200 https://registry.npmjs.org/getmac 6175ms (cache updated)
npm http fetch GET 200 https://registry.npmjs.org/untildify 132ms (cache updated)
npm http fetch GET 200 https://registry.npmjs.org/commander 407ms (cache updated)
npm http fetch GET 200 https://registry.npmjs.org/cli-cursor 137ms (cache updated)
npm http fetch GET 200 https://registry.npmjs.org/tree-kill 207ms (cache updated)
npm http fetch GET 200 https://registry.npmjs.org/ospath 1082ms (cache updated)
npm http fetch GET 200 https://registry.npmjs.org/executable 302ms (cache updated)
npm http fetch GET 200 https://registry.npmjs.org/common-tags 297ms (cache updated)
npm http fetch GET 200 https://registry.npmjs.org/cli-table3 317ms (cache updated)
npm http fetch GET 200 https://registry.npmjs.org/table 5084ms (cache updated)
npm http fetch GET 200 https://registry.npmjs.org/log-symbols 235ms (cache updated)
npm http fetch GET 200 https://registry.npmjs.org/pretty-bytes 239ms (cache updated)
npm http fetch GET 200 https://registry.npmjs.org/eventemitter2 287ms (cache updated)
npm http fetch GET 200 https://registry.npmjs.org/@types%2fsizzle 402ms (cache updated)
npm http fetch GET 200 https://registry.npmjs.org/is-installed-globally 168ms (cache updated)
npm http fetch GET 200 https://registry.npmjs.org/extract-zip 470ms (cache updated)
npm http fetch GET 200 https://registry.npmjs.org/proxy-from-env 218ms (cache updated)
npm http fetch GET 200 https://registry.npmjs.org/@cypress%2fxvfb 415ms (cache updated)
npm http fetch GET 200 https://registry.npmjs.org/supports-color 223ms (cache updated)
npm http fetch GET 200 https://registry.npmjs.org/@types%2fsinonjs__fake-timers 152ms (cache updated)
npm http fetch GET 200 https://registry.npmjs.org/request-progress 217ms (cache updated)
npm http fetch GET 200 https://registry.npmjs.org/blob-util 1030ms (cache updated)
npm http fetch GET 200 https://registry.npmjs.org/@cypress%2frequest 521ms (cache updated)
npm http fetch GET 200 https://registry.npmjs.org/check-more-types 1066ms (cache updated)
npm http fetch GET 200 https://registry.npmjs.org/proxy-from-env 61ms (cache hit)
npm http fetch GET 200 https://registry.npmjs.org/async 65ms (cache hit)
npm http fetch GET 200 https://registry.npmjs.org/archiver-utils 194ms (cache updated)
npm http fetch GET 200 https://registry.npmjs.org/follow-redirects 198ms (cache updated)
npm http fetch GET 200 https://registry.npmjs.org/zip-stream 438ms (cache updated)
npm http fetch GET 200 https://registry.npmjs.org/readdir-glob 441ms (cache updated)
npm http fetch GET 200 https://registry.npmjs.org/tar-stream 445ms (cache updated)
npm http fetch GET 200 https://registry.npmjs.org/is-retry-allowed 450ms (cache updated)
npm http fetch GET 200 https://registry.npmjs.org/buffer-crc32 500ms (cache updated)
npm http fetch GET 200 https://registry.npmjs.org/agent-base 308ms (cache updated)
npm http fetch GET 200 https://registry.npmjs.org/supports-color 58ms (cache hit)
npm http fetch GET 200 https://registry.npmjs.org/ps-tree 496ms (cache updated)
npm http fetch GET 200 https://registry.npmjs.org/ansi-styles 148ms (cache updated)
npm http fetch GET 200 https://registry.npmjs.org/string-width 170ms (cache updated)
npm http fetch GET 200 https://registry.npmjs.org/https-proxy-agent 186ms (cache updated)
npm http fetch GET 200 https://registry.npmjs.org/decompress-tar 152ms (cache updated)
npm http fetch GET 200 https://registry.npmjs.org/readable-stream 661ms (cache updated)
npm http fetch GET 200 https://registry.npmjs.org/decompress-targz 160ms (cache updated)
npm http fetch GET 200 https://registry.npmjs.org/decompress-tarbz2 187ms (cache updated)
npm http fetch GET 200 https://registry.npmjs.org/decompress-unzip 137ms (cache updated)
npm http fetch GET 200 https://registry.npmjs.org/make-dir 89ms (cache updated)
npm http fetch GET 200 https://registry.npmjs.org/graceful-fs 165ms (cache updated)
npm http fetch GET 200 https://registry.npmjs.org/strip-dirs 132ms (cache updated)
npm http fetch GET 200 https://registry.npmjs.org/combined-stream 121ms (cache updated)
npm http fetch GET 200 https://registry.npmjs.org/pify 172ms (cache updated)
npm http fetch GET 200 https://registry.npmjs.org/mime-types 221ms (cache updated)
npm http fetch GET 200 https://registry.npmjs.org/asynckit 265ms (cache updated)
npm http fetch GET 200 https://registry.npmjs.org/graceful-fs 256ms (cache updated)
npm http fetch GET 200 https://registry.npmjs.org/ini 406ms (cache updated)
npm http fetch GET 200 https://registry.npmjs.org/once 420ms (cache updated)
npm http fetch GET 200 https://registry.npmjs.org/universalify 472ms (cache updated)
npm http fetch GET 200 https://registry.npmjs.org/inflight 780ms (cache updated)
npm http fetch GET 200 https://registry.npmjs.org/temp-fs 1653ms (cache updated)
npm http fetch GET 200 https://registry.npmjs.org/inherits 941ms (cache updated)
npm http fetch GET 200 https://registry.npmjs.org/minimatch 904ms (cache updated)
npm http fetch GET 200 https://registry.npmjs.org/glob 41ms (cache hit)
npm http fetch GET 200 https://registry.npmjs.org/debug 39ms (cache hit)
npm http fetch GET 200 https://registry.npmjs.org/yargs 15ms (cache hit)
npm http fetch GET 200 https://registry.npmjs.org/jsonfile 1252ms (cache updated)
npm http fetch GET 200 https://registry.npmjs.org/fs.realpath 754ms (cache updated)
npm http fetch GET 200 https://registry.npmjs.org/minimatch 9ms (cache hit)
npm http fetch GET 200 https://registry.npmjs.org/path-is-absolute 762ms (cache updated)
npm http fetch GET 200 https://registry.npmjs.org/he 776ms (cache updated)
npm http fetch GET 200 https://registry.npmjs.org/log-symbols 6ms (cache hit)
npm http fetch GET 200 https://registry.npmjs.org/is-running 2744ms (cache updated)
npm http fetch GET 200 https://registry.npmjs.org/workerpool 1573ms (cache updated)
npm http fetch GET 200 https://registry.npmjs.org/browser-stdout 808ms (cache updated)
npm http fetch GET 200 https://registry.npmjs.org/yargs-unparser 238ms (cache updated)
npm http fetch GET 200 https://registry.npmjs.org/diff 2573ms (cache updated)
npm http fetch GET 200 https://registry.npmjs.org/ms 2856ms (cache updated)
npm http fetch GET 200 https://registry.npmjs.org/find-up 3681ms (cache updated)
npm http fetch GET 200 https://registry.npmjs.org/js-yaml 3728ms (cache updated)
npm http fetch GET 200 https://registry.npmjs.org/yargs-parser 3891ms (cache updated)
npm http fetch GET 200 https://registry.npmjs.org/ansi-colors 3955ms (cache updated)
npm http fetch GET 200 https://registry.npmjs.org/js-queue 1371ms (cache updated)
npm http fetch GET 200 https://registry.npmjs.org/chokidar 4003ms (cache updated)
npm http fetch GET 200 https://registry.npmjs.org/serialize-javascript 1669ms (cache updated)
npm http fetch GET 200 https://registry.npmjs.org/lodash 36ms (cache hit)
npm http fetch GET 200 https://registry.npmjs.org/string-width 23ms (cache hit)
npm http fetch GET 200 https://registry.npmjs.org/bluebird 20ms (cache hit)
npm http fetch GET 200 https://registry.npmjs.org/graceful-fs 11ms (cache hit)
npm http fetch GET 200 https://registry.npmjs.org/strip-json-comments 2442ms (cache updated)
npm http fetch GET 200 https://registry.npmjs.org/event-pubsub 529ms (cache updated)
npm http fetch GET 200 https://registry.npmjs.org/duplexer2 1167ms (cache updated)
npm http fetch GET 200 https://registry.npmjs.org/semver 7ms (cache hit)
npm http fetch GET 200 https://registry.npmjs.org/js-message 1894ms (cache updated)
npm http fetch GET 200 https://registry.npmjs.org/ajv 2362ms (cache updated)
npm http fetch GET 200 https://registry.npmjs.org/pupa 2372ms (cache updated)
npm http fetch GET 200 https://registry.npmjs.org/configstore 1258ms (cache updated)
npm http fetch GET 200 https://registry.npmjs.org/is-npm 2796ms (cache updated)
npm http fetch GET 200 https://registry.npmjs.org/import-lazy 1152ms (cache updated)
npm http fetch GET 200 https://registry.npmjs.org/is-installed-globally 45ms (cache hit)
npm http fetch GET 200 https://registry.npmjs.org/execa 6ms (cache hit)
npm http fetch GET 200 https://registry.npmjs.org/escape-string-regexp 5967ms (cache updated)
npm http fetch GET 200 https://registry.npmjs.org/xdg-basedir 990ms (cache updated)
npm http fetch GET 200 https://registry.npmjs.org/latest-version 900ms (cache updated)
npm http fetch GET 200 https://registry.npmjs.org/slice-ansi 4016ms (cache updated)
npm http fetch GET 200 https://registry.npmjs.org/node-int64 4005ms (cache updated)
npm http fetch GET 200 https://registry.npmjs.org/colors 608ms (cache updated)
npm http fetch GET 200 https://registry.npmjs.org/cycle 935ms (cache updated)
npm http fetch GET 200 https://registry.npmjs.org/@babel%2fruntime 10695ms (cache updated)
npm http fetch GET 200 https://registry.npmjs.org/isstream 800ms (cache updated)
npm http fetch GET 200 https://registry.npmjs.org/find-up 62ms (cache hit)
npm http fetch GET 200 https://registry.npmjs.org/eyes 1679ms (cache updated)
npm http fetch GET 200 https://registry.npmjs.org/yargs-parser 47ms (cache hit)
npm http fetch GET 200 https://registry.npmjs.org/stack-trace 1382ms (cache updated)
npm http fetch GET 200 https://registry.npmjs.org/decamelize 701ms (cache updated)
npm http fetch GET 200 https://registry.npmjs.org/set-blocking 711ms (cache updated)
npm http fetch GET 200 https://registry.npmjs.org/which-module 770ms (cache updated)
npm http fetch GET 200 https://registry.npmjs.org/cliui 1159ms (cache updated)
npm http fetch GET 200 https://registry.npmjs.org/y18n 1537ms (cache updated)
npm http fetch GET 200 https://registry.npmjs.org/get-caller-file 309ms (cache updated)
npm http fetch GET 200 https://registry.npmjs.org/require-directory 194ms (cache updated)
npm http fetch GET 200 https://registry.npmjs.org/require-main-filename 143ms (cache updated)
npm http fetch GET 200 https://registry.npmjs.org/@types%2fnode 10790ms (cache updated)
npm http fetch GET 200 https://registry.npmjs.org/is-in-ci 4478ms (cache updated)
npm http fetch GET 200 https://registry.npmjs.org/boxen 5473ms (cache updated)
npm http fetch GET 200 https://registry.npmjs.org/semver-diff 5567ms (cache updated)
npm http fetch GET 200 https://registry.npmjs.org/readable-stream 56ms (cache hit)
npm http fetch GET 200 https://registry.npmjs.org/inherits 59ms (cache hit)
npm http fetch GET 200 https://registry.npmjs.org/lodash.isplainobject 192ms (cache updated)
npm http fetch GET 200 https://registry.npmjs.org/lazystream 243ms (cache updated)
npm http fetch GET 200 https://registry.npmjs.org/lodash.defaults 244ms (cache updated)
npm http fetch GET 200 https://registry.npmjs.org/lodash.union 245ms (cache updated)
npm http fetch GET 200 https://registry.npmjs.org/archiver-utils 10ms (cache hit)
npm http fetch GET 200 https://registry.npmjs.org/normalize-path 265ms (cache updated)
npm http fetch GET 200 https://registry.npmjs.org/util-deprecate 263ms (cache updated)
npm http fetch GET 200 https://registry.npmjs.org/string_decoder 307ms (cache updated)
npm http fetch GET 200 https://registry.npmjs.org/lodash.difference 411ms (cache updated)
npm http fetch GET 200 https://registry.npmjs.org/lodash.flatten 412ms (cache updated)
npm http fetch GET 200 https://registry.npmjs.org/fs-constants 219ms (cache updated)
npm http fetch GET 200 https://registry.npmjs.org/compress-commons 303ms (cache updated)
npm http fetch GET 200 https://registry.npmjs.org/end-of-stream 619ms (cache updated)
npm http fetch GET 200 https://registry.npmjs.org/bl 1293ms (cache updated)
npm http fetch GET 200 https://registry.npmjs.org/string_decoder 36ms (cache hit)
npm http fetch GET 200 https://registry.npmjs.org/util-deprecate 37ms (cache hit)
npm http fetch GET 200 https://registry.npmjs.org/core-util-is 97ms (cache updated)
npm http fetch GET 200 https://registry.npmjs.org/process-nextick-args 106ms (cache updated)
npm http fetch GET 200 https://registry.npmjs.org/safe-buffer 190ms (cache updated)
npm http fetch GET 200 https://registry.npmjs.org/isarray 221ms (cache updated)
npm http fetch GET 200 https://registry.npmjs.org/regenerator-runtime 147ms (cache updated)
npm http fetch GET 200 https://registry.npmjs.org/event-stream 1301ms (cache updated)
npm http fetch GET 200 https://registry.npmjs.org/rimraf 1305ms (cache updated)
npm http fetch GET 200 https://registry.npmjs.org/has-flag 100ms (cache updated)
npm http fetch GET 200 https://registry.npmjs.org/color-convert 237ms (cache updated)
npm http fetch GET 200 https://registry.npmjs.org/color-name 460ms (cache updated)
npm http fetch GET 200 https://registry.npmjs.org/strip-ansi 130ms (cache updated)
npm http fetch GET 200 https://registry.npmjs.org/emoji-regex 173ms (cache updated)
npm http fetch GET 200 https://registry.npmjs.org/is-fullwidth-code-point 176ms (cache updated)
npm http fetch GET 200 https://registry.npmjs.org/combined-stream 64ms (cache hit)
npm http fetch GET 200 https://registry.npmjs.org/isstream 65ms (cache hit)
npm http fetch GET 200 https://registry.npmjs.org/mime-types 66ms (cache hit)
npm http fetch GET 200 https://registry.npmjs.org/safe-buffer 11ms (cache hit)
npm http fetch GET 200 https://registry.npmjs.org/aws4 221ms (cache updated)
npm http fetch GET 200 https://registry.npmjs.org/forever-agent 230ms (cache updated)
npm http fetch GET 200 https://registry.npmjs.org/caseless 270ms (cache updated)
npm http fetch GET 200 https://registry.npmjs.org/http-signature 274ms (cache updated)
npm http fetch GET 200 https://registry.npmjs.org/aws-sign2 507ms (cache updated)
npm http fetch GET 200 https://registry.npmjs.org/tough-cookie 459ms (cache updated)
npm http fetch GET 200 https://registry.npmjs.org/json-stringify-safe 549ms (cache updated)
npm http fetch GET 200 https://registry.npmjs.org/performance-now 509ms (cache updated)
npm http fetch GET 200 https://registry.npmjs.org/extend 584ms (cache updated)
npm http fetch GET 200 https://registry.npmjs.org/tunnel-agent 364ms (cache updated)
npm http fetch GET 200 https://registry.npmjs.org/is-typedarray 593ms (cache updated)
npm http fetch GET 200 https://registry.npmjs.org/lodash.once 367ms (cache updated)
npm http fetch GET 200 https://registry.npmjs.org/base64-js 330ms (cache updated)
npm http fetch GET 200 https://registry.npmjs.org/ieee754 336ms (cache updated)
npm http fetch GET 200 https://registry.npmjs.org/ansi-colors 67ms (cache hit)
npm http fetch GET 200 https://registry.npmjs.org/is-stream 118ms (cache updated)
npm http fetch GET 200 https://registry.npmjs.org/qs 643ms (cache updated)
npm http fetch GET 200 https://registry.npmjs.org/restore-cursor 208ms (cache updated)
npm http fetch GET 200 https://registry.npmjs.org/pify 7ms (cache hit)
npm http fetch GET 200 https://registry.npmjs.org/onetime 187ms (cache updated)
npm http fetch GET 200 https://registry.npmjs.org/merge-stream 163ms (cache updated)
npm http fetch GET 200 https://registry.npmjs.org/escape-string-regexp 6ms (cache hit)
npm http fetch GET 200 https://registry.npmjs.org/npm-run-path 166ms (cache updated)
npm http fetch GET 200 https://registry.npmjs.org/human-signals 169ms (cache updated)
npm http fetch GET 200 https://registry.npmjs.org/jsonfile 27ms (cache hit)
npm http fetch GET 200 https://registry.npmjs.org/universalify 27ms (cache hit)
npm http fetch GET 200 https://registry.npmjs.org/cross-spawn 207ms (cache updated)
npm http fetch GET 200 https://registry.npmjs.org/@colors%2fcolors 260ms (cache updated)
npm http fetch GET 200 https://registry.npmjs.org/@types%2fyauzl 393ms (cache updated)
npm http fetch GET 200 https://registry.npmjs.org/strip-final-newline 413ms (cache updated)
npm http fetch GET 200 https://registry.npmjs.org/at-least-node 418ms (cache updated)
npm http fetch GET 200 https://registry.npmjs.org/rfdc 421ms (cache updated)
npm http fetch GET 200 https://registry.npmjs.org/is-path-inside 431ms (cache updated)
npm http fetch GET 200 https://registry.npmjs.org/global-dirs 445ms (cache updated)
npm http fetch GET 200 https://registry.npmjs.org/get-stream 724ms (cache updated)
npm http fetch GET 200 https://registry.npmjs.org/through 332ms (cache updated)
npm http fetch GET 200 https://registry.npmjs.org/get-stream 859ms (cache updated)
npm http fetch GET 200 https://registry.npmjs.org/p-map 643ms (cache updated)
npm http fetch GET 200 https://registry.npmjs.org/signal-exit 851ms (cache updated)
npm http fetch GET 200 https://registry.npmjs.org/colorette 381ms (cache updated)
npm http fetch GET 200 https://registry.npmjs.org/wrap-ansi 322ms (cache updated)
npm http fetch GET 200 https://registry.npmjs.org/cli-truncate 393ms (cache updated)
npm http fetch GET 200 https://registry.npmjs.org/log-update 532ms (cache updated)
npm http fetch GET 200 https://registry.npmjs.org/fd-slicer 316ms (cache updated)
npm http fetch GET 200 https://registry.npmjs.org/throttleit 326ms (cache updated)
npm http fetch GET 200 https://registry.npmjs.org/is-unicode-supported 909ms (cache updated)
npm http fetch GET 200 https://registry.npmjs.org/rxjs 2094ms (cache updated)
npm http fetch GET 200 https://registry.npmjs.org/mime-db 210ms (cache updated)
npm http fetch GET 200 https://registry.npmjs.org/jsprim 239ms (cache updated)
npm http fetch GET 200 https://registry.npmjs.org/side-channel 945ms (cache updated)
npm http fetch GET 200 https://registry.npmjs.org/assert-plus 981ms (cache updated)
npm http fetch GET 200 https://registry.npmjs.org/delayed-stream 986ms (cache updated)
npm http fetch GET 200 https://registry.npmjs.org/sshpk 1111ms (cache updated)
npm http fetch GET 200 https://registry.npmjs.org/tldts 2879ms (cache updated)
npm http fetch GET 200 https://registry.npmjs.org/ms 55ms (cache hit)
npm http fetch GET 200 https://registry.npmjs.org/tar-stream 34ms (cache hit)
npm http fetch GET 200 https://registry.npmjs.org/is-stream 37ms (cache hit)
npm http fetch GET 200 https://registry.npmjs.org/is-stream 37ms (cache hit)
npm http fetch GET 200 https://registry.npmjs.org/get-stream 37ms (cache hit)
npm http fetch GET 200 https://registry.npmjs.org/is-stream 39ms (cache hit)
npm http fetch GET 200 https://registry.npmjs.org/unbzip2-stream 504ms (cache updated)
npm http fetch GET 200 https://registry.npmjs.org/is-natural-number 1284ms (cache updated)
npm http fetch GET 200 https://registry.npmjs.org/seek-bzip 1320ms (cache updated)
npm http fetch GET 200 https://registry.npmjs.org/file-type 2004ms (cache updated)
npm http fetch GET 200 https://registry.npmjs.org/file-type 2129ms (cache updated)
npm http fetch GET 200 https://registry.npmjs.org/file-type 2619ms (cache updated)
npm http fetch GET 200 https://registry.npmjs.org/file-type 2646ms (cache updated)
npm http fetch GET 200 https://registry.npmjs.org/bl 55ms (cache hit)
npm http fetch GET 200 https://registry.npmjs.org/end-of-stream 56ms (cache hit)
npm http fetch GET 200 https://registry.npmjs.org/xtend 217ms (cache updated)
npm http fetch GET 200 https://registry.npmjs.org/to-buffer 242ms (cache updated)
npm http fetch GET 200 https://registry.npmjs.org/buffer-alloc 246ms (cache updated)
npm http fetch GET 200 https://registry.npmjs.org/commander 4ms (cache hit)
npm http fetch GET 200 https://registry.npmjs.org/object-assign 82ms (cache updated)
npm http fetch GET 200 https://registry.npmjs.org/pinkie-promise 98ms (cache updated)
npm http fetch GET 200 https://registry.npmjs.org/ansi-regex 159ms (cache updated)
npm http fetch GET 200 https://registry.npmjs.org/which 207ms (cache updated)
npm http fetch GET 200 https://registry.npmjs.org/mimic-fn 241ms (cache updated)
npm http fetch GET 200 https://registry.npmjs.org/path-key 257ms (cache updated)
npm http fetch GET 200 https://registry.npmjs.org/shebang-command 260ms (cache updated)
npm http fetch GET 200 https://registry.npmjs.org/path-key 270ms (cache updated)
npm http fetch GET 200 https://registry.npmjs.org/pump 1280ms (cache updated)
npm http fetch GET 200 https://registry.npmjs.org/shebang-regex 252ms (cache updated)
npm http fetch GET 200 https://registry.npmjs.org/isexe 253ms (cache updated)
npm http fetch GET 200 https://registry.npmjs.org/@types%2fnode 31ms (cache hit)
npm http fetch GET 200 https://registry.npmjs.org/undici-types 92ms (cache updated)
npm http fetch GET 200 https://registry.npmjs.org/pinkie 104ms (cache updated)
npm http fetch GET 200 https://registry.npmjs.org/wrappy 182ms (cache updated)
npm http fetch GET 200 https://registry.npmjs.org/brace-expansion 215ms (cache updated)
npm http fetch GET 200 https://registry.npmjs.org/wrappy 221ms (cache updated)
npm http fetch GET 200 https://registry.npmjs.org/tweetnacl 231ms (cache updated)
npm http fetch GET 200 https://registry.npmjs.org/dashdash 385ms (cache updated)
npm http fetch GET 200 https://registry.npmjs.org/getpass 389ms (cache updated)
npm http fetch GET 200 https://registry.npmjs.org/bcrypt-pbkdf 389ms (cache updated)
npm http fetch GET 200 https://registry.npmjs.org/extsprintf 399ms (cache updated)
npm http fetch GET 200 https://registry.npmjs.org/jsbn 399ms (cache updated)
npm http fetch GET 200 https://registry.npmjs.org/ecc-jsbn 401ms (cache updated)
npm http fetch GET 200 https://registry.npmjs.org/json-schema 413ms (cache updated)
npm http fetch GET 200 https://registry.npmjs.org/safer-buffer 416ms (cache updated)
npm http fetch GET 200 https://registry.npmjs.org/verror 587ms (cache updated)
npm http fetch GET 200 https://registry.npmjs.org/asn1 590ms (cache updated)
npm http fetch GET 200 https://registry.npmjs.org/ini 48ms (cache hit)
npm http fetch GET 200 https://registry.npmjs.org/core-util-is 8ms (cache hit)
npm http fetch GET 200 https://registry.npmjs.org/slice-ansi 22ms (cache hit)
npm http fetch GET 200 https://registry.npmjs.org/wrap-ansi 25ms (cache hit)
npm http fetch GET 200 https://registry.npmjs.org/slice-ansi 27ms (cache hit)
npm http fetch GET 200 https://registry.npmjs.org/aggregate-error 215ms (cache updated)
npm http fetch GET 200 https://registry.npmjs.org/ansi-escapes 311ms (cache updated)
npm http fetch GET 200 https://registry.npmjs.org/tslib 324ms (cache updated)
npm http fetch GET 200 https://registry.npmjs.org/astral-regex 121ms (cache updated)
npm http fetch GET 200 https://registry.npmjs.org/type-fest 860ms (cache updated)
npm http fetch GET 200 https://registry.npmjs.org/balanced-match 144ms (cache updated)
npm http fetch GET 200 https://registry.npmjs.org/concat-map 176ms (cache updated)
npm http fetch GET 200 https://registry.npmjs.org/brace-expansion 66ms (cache hit)
npm http fetch GET 200 https://registry.npmjs.org/is-glob 318ms (cache updated)
npm http fetch GET 200 https://registry.npmjs.org/y18n 46ms (cache hit)
npm http fetch GET 200 https://registry.npmjs.org/cliui 7ms (cache hit)
npm http fetch GET 200 https://registry.npmjs.org/is-binary-path 423ms (cache updated)
npm http fetch GET 200 https://registry.npmjs.org/argparse 424ms (cache updated)
npm http fetch GET 200 https://registry.npmjs.org/get-caller-file 12ms (cache hit)
npm http fetch GET 200 https://registry.npmjs.org/glob-parent 439ms (cache updated)
npm http fetch GET 200 https://registry.npmjs.org/decamelize 8ms (cache hit)
npm http fetch GET 200 https://registry.npmjs.org/randombytes 379ms (cache updated)
npm http fetch GET 200 https://registry.npmjs.org/locate-path 755ms (cache updated)
npm http fetch GET 200 https://registry.npmjs.org/path-exists 775ms (cache updated)
npm http fetch GET 200 https://registry.npmjs.org/anymatch 842ms (cache updated)
npm http fetch GET 200 https://registry.npmjs.org/camelcase 704ms (cache updated)
npm http fetch GET 200 https://registry.npmjs.org/flat 720ms (cache updated)
npm http fetch GET 200 https://registry.npmjs.org/is-plain-obj 726ms (cache updated)
npm http fetch GET 200 https://registry.npmjs.org/fsevents 1293ms (cache updated)
npm http fetch GET 200 https://registry.npmjs.org/readdirp 1301ms (cache updated)
npm http fetch GET 200 https://registry.npmjs.org/escalade 925ms (cache updated)
npm http fetch GET 200 https://registry.npmjs.org/braces 1535ms (cache updated)
npm http fetch GET 200 https://registry.npmjs.org/is-glob 29ms (cache hit)
npm http fetch GET 200 https://registry.npmjs.org/fill-range 127ms (cache updated)
npm http fetch GET 200 https://registry.npmjs.org/is-extglob 152ms (cache updated)
npm http fetch GET 200 https://registry.npmjs.org/binary-extensions 233ms (cache updated)
npm http fetch GET 200 https://registry.npmjs.org/picomatch 358ms (cache updated)
npm http fetch GET 200 https://registry.npmjs.org/picomatch 624ms (cache updated)
npm http fetch GET 200 https://registry.npmjs.org/to-regex-range 183ms (cache updated)
npm http fetch GET 200 https://registry.npmjs.org/is-number 280ms (cache updated)
npm http fetch GET 200 https://registry.npmjs.org/p-locate 115ms (cache updated)
npm http fetch GET 200 https://registry.npmjs.org/p-limit 314ms (cache updated)
npm http fetch GET 200 https://registry.npmjs.org/easy-stack 276ms (cache updated)
npm http fetch GET 200 https://registry.npmjs.org/yocto-queue 410ms (cache updated)
npm http fetch GET 200 https://registry.npmjs.org/clean-stack 144ms (cache updated)
npm http fetch GET 200 https://registry.npmjs.org/indent-string 146ms (cache updated)
npm http fetch GET 200 https://registry.npmjs.org/stream-combiner 150ms (cache updated)
npm http fetch GET 200 https://registry.npmjs.org/map-stream 153ms (cache updated)
npm http fetch GET 200 https://registry.npmjs.org/from 155ms (cache updated)
npm http fetch GET 200 https://registry.npmjs.org/split 155ms (cache updated)
npm http fetch GET 200 https://registry.npmjs.org/duplexer 160ms (cache updated)
npm http fetch GET 200 https://registry.npmjs.org/pause-stream 165ms (cache updated)
npm http fetch GET 200 https://registry.npmjs.org/side-channel-list 165ms (cache updated)
npm http fetch GET 200 https://registry.npmjs.org/side-channel-weakmap 168ms (cache updated)
npm http fetch GET 200 https://registry.npmjs.org/es-errors 172ms (cache updated)
npm http fetch GET 200 https://registry.npmjs.org/side-channel-map 275ms (cache updated)
npm http fetch GET 200 https://registry.npmjs.org/object-inspect 380ms (cache updated)
npm http fetch GET 200 https://registry.npmjs.org/get-intrinsic 170ms (cache updated)
npm http fetch GET 200 https://registry.npmjs.org/call-bound 192ms (cache updated)
npm http fetch GET 200 https://registry.npmjs.org/call-bound 193ms (cache updated)
npm http fetch GET 200 https://registry.npmjs.org/get-intrinsic 297ms (cache updated)
npm http fetch GET 200 https://registry.npmjs.org/get-intrinsic 38ms (cache hit)
npm http fetch GET 200 https://registry.npmjs.org/es-object-atoms 226ms (cache updated)
npm http fetch GET 200 https://registry.npmjs.org/math-intrinsics 226ms (cache updated)
npm http fetch GET 200 https://registry.npmjs.org/call-bind-apply-helpers 231ms (cache updated)
npm http fetch GET 200 https://registry.npmjs.org/get-proto 234ms (cache updated)
npm http fetch GET 200 https://registry.npmjs.org/es-define-property 238ms (cache updated)
npm http fetch GET 200 https://registry.npmjs.org/gopd 238ms (cache updated)
npm http fetch GET 200 https://registry.npmjs.org/call-bind-apply-helpers 244ms (cache updated)
npm http fetch GET 200 https://registry.npmjs.org/hasown 243ms (cache updated)
npm http fetch GET 200 https://registry.npmjs.org/has-symbols 270ms (cache updated)
npm http fetch GET 200 https://registry.npmjs.org/function-bind 320ms (cache updated)
npm http fetch GET 200 https://registry.npmjs.org/dunder-proto 161ms (cache updated)
npm http fetch GET 200 https://registry.npmjs.org/tweetnacl 50ms (cache hit)
npm http fetch GET 200 https://registry.npmjs.org/safer-buffer 54ms (cache hit)
npm http fetch GET 200 https://registry.npmjs.org/safer-buffer 61ms (cache hit)
npm http fetch GET 200 https://registry.npmjs.org/strip-ansi 26ms (cache hit)
npm http fetch GET 200 https://registry.npmjs.org/is-fullwidth-code-point 27ms (cache hit)
npm http fetch GET 200 https://registry.npmjs.org/is-fullwidth-code-point 27ms (cache hit)
npm http fetch GET 200 https://registry.npmjs.org/ansi-styles 27ms (cache hit)
npm http fetch GET 200 https://registry.npmjs.org/emoji-regex 28ms (cache hit)
npm http fetch GET 200 https://registry.npmjs.org/astral-regex 30ms (cache hit)
npm http fetch GET 200 https://registry.npmjs.org/fast-deep-equal 139ms (cache updated)
npm http fetch GET 200 https://registry.npmjs.org/json-schema-traverse 141ms (cache updated)
npm http fetch GET 200 https://registry.npmjs.org/uri-js 162ms (cache updated)
npm http fetch GET 200 https://registry.npmjs.org/fast-json-stable-stringify 343ms (cache updated)
npm http fetch GET 200 https://registry.npmjs.org/punycode 187ms (cache updated)
npm http fetch GET 200 https://registry.npmjs.org/tldts-core 1486ms (cache updated)
npm http fetch GET 200 https://registry.npmjs.org/xdg-basedir 39ms (cache hit)
npm http fetch GET 200 https://registry.npmjs.org/camelcase 40ms (cache hit)
npm http fetch GET 200 https://registry.npmjs.org/type-fest 42ms (cache hit)
npm http fetch GET 200 https://registry.npmjs.org/dot-prop 150ms (cache updated)
npm http fetch GET 200 https://registry.npmjs.org/unique-string 160ms (cache updated)
npm http fetch GET 200 https://registry.npmjs.org/cli-boxes 168ms (cache updated)
npm http fetch GET 200 https://registry.npmjs.org/widest-line 169ms (cache updated)
npm http fetch GET 200 https://registry.npmjs.org/ansi-align 212ms (cache updated)
npm http fetch GET 200 https://registry.npmjs.org/escape-goat 211ms (cache updated)
npm http fetch GET 200 https://registry.npmjs.org/write-file-atomic 361ms (cache updated)
npm http fetch GET 200 https://registry.npmjs.org/package-json 984ms (cache updated)
npm http fetch GET 200 https://registry.npmjs.org/eastasianwidth 154ms (cache updated)
npm http fetch GET 200 https://registry.npmjs.org/is-obj 283ms (cache updated)
npm http fetch GET 200 https://registry.npmjs.org/typedarray-to-buffer 284ms (cache updated)
npm http fetch GET 200 https://registry.npmjs.org/crypto-random-string 288ms (cache updated)
npm http fetch GET 200 https://registry.npmjs.org/imurmurhash 301ms (cache updated)
npm http fetch GET 200 https://registry.npmjs.org/registry-auth-token 106ms (cache updated)
npm http fetch GET 200 https://registry.npmjs.org/registry-url 164ms (cache updated)
npm http fetch GET 200 https://registry.npmjs.org/got 611ms (cache updated)
npm http fetch GET 200 https://registry.npmjs.org/p-cancelable 175ms (cache updated)
npm http fetch GET 200 https://registry.npmjs.org/decompress-response 244ms (cache updated)
npm http fetch GET 200 https://registry.npmjs.org/lowercase-keys 259ms (cache updated)
npm http fetch GET 200 https://registry.npmjs.org/@sindresorhus%2fis 277ms (cache updated)
npm http fetch GET 200 https://registry.npmjs.org/cacheable-lookup 282ms (cache updated)
npm http fetch GET 200 https://registry.npmjs.org/responselike 284ms (cache updated)
npm http fetch GET 200 https://registry.npmjs.org/@pnpm%2fnpm-conf 295ms (cache updated)
npm http fetch GET 200 https://registry.npmjs.org/@szmarczak%2fhttp-timer 300ms (cache updated)
npm http fetch GET 200 https://registry.npmjs.org/rc 190ms (cache updated)
npm http fetch GET 200 https://registry.npmjs.org/form-data-encoder 561ms (cache updated)
npm http fetch GET 200 https://registry.npmjs.org/cacheable-request 630ms (cache updated)
npm http fetch GET 200 https://registry.npmjs.org/http2-wrapper 736ms (cache updated)
npm http fetch GET 200 https://registry.npmjs.org/mimic-response 106ms (cache updated)
npm http fetch GET 200 https://registry.npmjs.org/normalize-url 156ms (cache updated)
npm http fetch GET 200 https://registry.npmjs.org/@types%2fhttp-cache-semantics 258ms (cache updated)
npm http fetch GET 200 https://registry.npmjs.org/defer-to-connect 262ms (cache updated)
npm http fetch GET 200 https://registry.npmjs.org/keyv 263ms (cache updated)
npm http fetch GET 200 https://registry.npmjs.org/mimic-response 267ms (cache updated)
npm http fetch GET 200 https://registry.npmjs.org/resolve-alpn 305ms (cache updated)
npm http fetch GET 200 https://registry.npmjs.org/quick-lru 308ms (cache updated)
npm http fetch GET 200 https://registry.npmjs.org/http-cache-semantics 391ms (cache updated)
npm http fetch GET 200 https://registry.npmjs.org/json-buffer 122ms (cache updated)
npm http fetch GET 200 https://registry.npmjs.org/@pnpm%2fnetwork.ca-file 158ms (cache updated)
npm http fetch GET 200 https://registry.npmjs.org/@pnpm%2fconfig.env-replace 161ms (cache updated)
npm http fetch GET 200 https://registry.npmjs.org/config-chain 1141ms (cache updated)
npm http fetch GET 200 https://registry.npmjs.org/proto-list 960ms (cache updated)
npm http fetch GET 200 https://registry.npmjs.org/strip-json-comments 13ms (cache hit)
npm http fetch GET 200 https://registry.npmjs.org/deep-extend 151ms (cache updated)
npm http fetch GET 200 https://registry.npmjs.org/human-signals 47ms (cache hit)
npm http fetch GET 200 https://registry.npmjs.org/locate-path 6ms (cache hit)
npm http fetch GET 200 https://registry.npmjs.org/ansi-regex 6ms (cache hit)
npm http fetch GET 200 https://registry.npmjs.org/pend 291ms (cache updated)
npm http fetch GET 200 https://registry.npmjs.org/crc32-stream 173ms (cache updated)
npm http fetch GET 200 https://registry.npmjs.org/crc-32 222ms (cache updated)
npm http fetch GET 200 https://registry.npmjs.org/color-convert 42ms (cache hit)
npm http fetch GET 200 https://registry.npmjs.org/color-name 6ms (cache hit)
npm http fetch GET 200 https://registry.npmjs.org/buffer-alloc-unsafe 128ms (cache updated)
npm http fetch GET 200 https://registry.npmjs.org/buffer-fill 180ms (cache updated)
npm http fetch GET 200 https://registry.npmjs.org/p-locate 10ms (cache hit)
npm http fetch GET 200 https://registry.npmjs.org/path-exists 11ms (cache hit)
npm http fetch GET 200 https://registry.npmjs.org/p-limit 4ms (cache hit)
npm http fetch GET 200 https://registry.npmjs.org/p-try 116ms (cache updated)
npm verbose reify failed optional dependency E:\QAAutomation\Testing\Cypress-Framework\tmpBstackPackages\node_modules\fsevents
npm http fetch POST 200 https://registry.npmjs.org/-/npm/v1/security/advisories/bulk 1166ms
npm warn deprecated inflight@1.0.6: This module is not supported, and leaks memory. Do not use it. Check out lru-cache if you want a good and tested way to coalesce async requests by a key value, which is much more comprehensive and powerful.
npm warn deprecated rimraf@2.5.4: Rimraf versions prior to v4 are no longer supported
npm warn deprecated glob@7.2.3: Glob versions prior to v9 are no longer supported
npm warn deprecated glob@8.1.0: Glob versions prior to v9 are no longer supported
npm info run cypress@14.0.1 postinstall node_modules/cypress node index.js --exec install
npm info run cypress@14.0.1 postinstall { code: 0, signal: null }

added 466 packages, and audited 467 packages in 1m

96 packages are looking for funding
  run `npm fund` for details

found 0 vulnerabilities
npm verbose cwd E:\QAAutomation\Testing\Cypress-Framework\tmpBstackPackages
npm verbose os Windows_NT 10.0.22631
npm verbose node v22.11.0
npm verbose npm  v10.9.0
npm verbose exit 0
npm info ok
